<?xml version="1.0"?>
<?xml-stylesheet type="text/xsl" href="http://check.sourceforge.net/xml/check_unittest.xslt"?>
<testsuites xmlns="http://check.sourceforge.net/ns">
  <datetime>2019-03-24 21:39:36</datetime>
  <suite>
    <title>alltests</title>
    <test result="error">
      <path>tests</path>
      <fn>solve.check:10</fn>
      <id>test_solve</id>
      <iteration>0</iteration>
      <duration>-1.000000</duration>
      <description>test_solve</description>
      <message>Received signal 11 (Segmentation fault)</message>
    </test>
  </suite>
  <duration>2.599000</duration>
</testsuites>
